


ARM Macro Assembler    Page 1 


    1 00000000                 AREA             mycode, CODE, READONLY
    2 00000000                 EXPORT           __main
    3 00000000         
    4 00000000 40000000 
                       PERIPH_BASE
                               EQU              0x40000000
    5 00000000         Delay   PROC
    6 00000000 B402            push             {r1}
    7 00000002 F44F 21C0       ldr              r1, =0x60000 ;initial value for
                                                             loop counter
    8 00000006 BF00    again   NOP                          ;execute two no-ope
                                                            ration instructions
                                                            
    9 00000008 BF00            NOP
   10 0000000A 3901            subs             r1, #1
   11 0000000C D1FB            bne              again
   12 0000000E BC02            pop              {r1}
   13 00000010 4770            bx               lr
   14 00000012                 ENDP
   15 00000012         
   16 00000012         pb2_init
                               PROC
   17 00000012 F04F 4080       LDR              r0, =PERIPH_BASE
   18 00000016 F500 3000       ADD              r0, #0x20000 ;AHB1PERIPH_BASE
   19 0000001A F500 5080       ADD              r0, #0x1000 ;RCC_BASE
   20 0000001E 6CC1            LDR              r1, [r0,#0x4C] ;RCC->AHB2ENR
   21 00000020 F041 0102       ORR              r1,#2
   22 00000024 64C1            STR              r1, [r0,#0x4C]
   23 00000026         
   24 00000026 F04F 4080       LDR              r0, =0x40000000 ;PERIPH_BASE
   25 0000002A F100 6000       ADD              r0, #0x08000000 
                                                            ;AHB2PERIPH_BASE
   26 0000002E F500 6080       ADD              r0, #0x0400 ;GPIOB_BASE
   27 00000032         
   28 00000032 6801            LDR              r1, [r0,#0]
   29 00000034 F021 0130       AND              r1,#0xFFFFFFCF ;GPIOB->MODER   
                                                            &=  ~(0x00000030)
   30 00000038 F041 0110       ORR              r1, #0x00000010 ;GPIOB->MODER  
                                                             |=   (0x00000010)
   31 0000003C 6001            STR              r1, [r0,#0]
   32 0000003E         
   33 0000003E 8881            LDRH             r1, [r0,#4] ;GPIOB->OTYPER
   34 00000040 F021 0104       AND              r1,#0xFFFFFFFB
   35 00000044 8081            STRH             r1, [r0,#4]
   36 00000046         
   37 00000046 6881            LDR              r1, [r0,#8] ;GPIOB->OSPEEDR
   38 00000048 F021 0130       AND              r1,#0xFFFFFFCF
   39 0000004C F041 0110       ORR              r1, #0x00000010
   40 00000050 6081            STR              r1, [r0,#8]
   41 00000052         
   42 00000052 68C1            LDR              r1, [r0,#0x0C] ;GPIOB->PUPDR
   43 00000054 F021 0130       AND              r1,#0xFFFFFFCF
   44 00000058 60C1            STR              r1, [r0,#0x0C]
   45 0000005A         
   46 0000005A 4770            bx               lr
   47 0000005C                 ENDP
   48 0000005C         
   49 0000005C                 ENTRY
   50 0000005C         __main  PROC



ARM Macro Assembler    Page 2 


   51 0000005C         
   52 0000005C F7FF FFFE       BL               pb2_init
   53 00000060         
   54 00000060 F04F 4080       LDR              r0, =0x40000000 ;PERIPH_BASE
   55 00000064 F100 6000       ADD              r0, #0x08000000 ;AHBPERIPH_BASE
                                                            
   56 00000068 F500 6080       ADD              r0, #0x0400 ;GPIOB_BASE
   57 0000006C         loop
   58 0000006C F04F 0104       LDR              r1, =0x04
   59 00000070 8301            STRH             r1, [r0,#0x18]
   60 00000072 F7FF FFFE       BL               Delay
   61 00000076         
   62 00000076 8341            STRH             r1,[r0,#0x1A]
   63 00000078 F7FF FFFE       BL               Delay
   64 0000007C E7F6            B                loop
   65 0000007E         
   66 0000007E                 ENDP
   67 0000007E                 END
Command Line: --debug --xref --diag_suppress=9931 --cpu=Cortex-M4.fp --apcs=int
erwork --depend=.\objects\led.d -o.\objects\led.o -I.\RTE\_Target_1 -IC:\Keil_v
5\ARM\PACK\Keil\STM32L4xx_DFP\1.2.0\Device\Include -IC:\Keil_v5\ARM\CMSIS\Inclu
de --predefine="__EVAL SETA 1" --predefine="__UVISION_VERSION SETA 523" --prede
fine="STM32L476xx SETA 1" --list=.\listings\led.lst led.s



ARM Macro Assembler    Page 1 Alphabetic symbol ordering
Relocatable symbols

Delay 00000000

Symbol: Delay
   Definitions
      At line 5 in file led.s
   Uses
      At line 60 in file led.s
      At line 63 in file led.s

__main 0000005C

Symbol: __main
   Definitions
      At line 50 in file led.s
   Uses
      At line 2 in file led.s
Comment: __main used once
again 00000006

Symbol: again
   Definitions
      At line 8 in file led.s
   Uses
      At line 11 in file led.s
Comment: again used once
loop 0000006C

Symbol: loop
   Definitions
      At line 57 in file led.s
   Uses
      At line 64 in file led.s
Comment: loop used once
mycode 00000000

Symbol: mycode
   Definitions
      At line 1 in file led.s
   Uses
      None
Comment: mycode unused
pb2_init 00000012

Symbol: pb2_init
   Definitions
      At line 16 in file led.s
   Uses
      At line 52 in file led.s
Comment: pb2_init used once
6 symbols



ARM Macro Assembler    Page 1 Alphabetic symbol ordering
Absolute symbols

PERIPH_BASE 40000000

Symbol: PERIPH_BASE
   Definitions
      At line 4 in file led.s
   Uses
      At line 17 in file led.s
Comment: PERIPH_BASE used once
1 symbol
341 symbols in table
